[    0.000000] Initializing cgroup subsys cpuset
[    0.000000] Initializing cgroup subsys cpu
[    0.000000] Initializing cgroup subsys cpuacct
[    0.000000] Linux version 4.4.0-194-generic (buildd@lcy01-amd64-020) (gcc version 5.4.0 20160609 (Ubuntu 5.4.0-6ubuntu1~16.04.12) ) #226-Ubuntu SMP Wed Oct 21 10:19:36 UTC 2020 (Ubuntu 4.4.0-194.226-generic 4.4.236)
[    0.000000] Command line: BOOT_IMAGE=/boot/vmlinuz-4.4.0-194-generic root=LABEL=cloudimg-rootfs ro console=tty1 console=ttyS0
[    0.000000] KERNEL supported cpus:
[    0.000000]   Intel GenuineIntel
[    0.000000]   AMD AuthenticAMD
[    0.000000]   Centaur CentaurHauls
[    0.000000] x86/fpu: xstate_offset[2]:  576, xstate_sizes[2]:  256
[    0.000000] x86/fpu: Supporting XSAVE feature 0x01: 'x87 floating point registers'
[    0.000000] x86/fpu: Supporting XSAVE feature 0x02: 'SSE registers'
[    0.000000] x86/fpu: Supporting XSAVE feature 0x04: 'AVX registers'
[    0.000000] x86/fpu: Enabled xstate features 0x7, context size is 832 bytes, using 'standard' format.
[    0.000000] e820: BIOS-provided physical RAM map:
[    0.000000] BIOS-e820: [mem 0x0000000000000000-0x000000000009fbff] usable
[    0.000000] BIOS-e820: [mem 0x000000000009fc00-0x000000000009ffff] reserved
[    0.000000] BIOS-e820: [mem 0x00000000000f0000-0x00000000000fffff] reserved
[    0.000000] BIOS-e820: [mem 0x0000000000100000-0x000000003ffeffff] usable
[    0.000000] BIOS-e820: [mem 0x000000003fff0000-0x000000003fffffff] ACPI data
[    0.000000] BIOS-e820: [mem 0x00000000fec00000-0x00000000fec00fff] reserved
[    0.000000] BIOS-e820: [mem 0x00000000fee00000-0x00000000fee00fff] reserved
[    0.000000] BIOS-e820: [mem 0x00000000fffc0000-0x00000000ffffffff] reserved
[    0.000000] NX (Execute Disable) protection: active
[    0.000000] SMBIOS 2.5 present.
[    0.000000] Hypervisor detected: KVM
[    0.000000] e820: last_pfn = 0x3fff0 max_arch_pfn = 0x400000000
[    0.000000] MTRR: Disabled
[    0.000000] x86/PAT: MTRRs disabled, skipping PAT initialization too.
[    0.000000] CPU MTRRs all blank - virtualized system.
[    0.000000] x86/PAT: Configuration [0-7]: WB  WT  UC- UC  WB  WT  UC- UC  
[    0.000000] found SMP MP-table at [mem 0x0009fff0-0x0009ffff] mapped at [ffff88000009fff0]
[    0.000000] Scanning 1 areas for low memory corruption
[    0.000000] RAMDISK: [mem 0x362e0000-0x37167fff]
[    0.000000] ACPI: Early table checksum verification disabled
[    0.000000] ACPI: RSDP 0x00000000000E0000 000024 (v02 VBOX  )
[    0.000000] ACPI: XSDT 0x000000003FFF0030 00003C (v01 VBOX   VBOXXSDT 00000001 ASL  00000061)
[    0.000000] ACPI: FACP 0x000000003FFF00F0 0000F4 (v04 VBOX   VBOXFACP 00000001 ASL  00000061)
[    0.000000] ACPI: DSDT 0x000000003FFF0470 002325 (v02 VBOX   VBOXBIOS 00000002 INTL 20100528)
[    0.000000] ACPI: FACS 0x000000003FFF0200 000040
[    0.000000] ACPI: FACS 0x000000003FFF0200 000040
[    0.000000] ACPI: APIC 0x000000003FFF0240 00005C (v02 VBOX   VBOXAPIC 00000001 ASL  00000061)
[    0.000000] ACPI: SSDT 0x000000003FFF02A0 0001CC (v01 VBOX   VBOXCPUT 00000002 INTL 20100528)
[    0.000000] No NUMA configuration found
[    0.000000] Faking a node at [mem 0x0000000000000000-0x000000003ffeffff]
[    0.000000] NODE_DATA(0) allocated [mem 0x3ffeb000-0x3ffeffff]
[    0.000000] kvm-clock: Using msrs 4b564d01 and 4b564d00
[    0.000000] kvm-clock: cpu 0, msr 0:3ffe3001, primary cpu clock
[    0.000000] kvm-clock: using sched offset of 3558798960 cycles
[    0.000000] clocksource: kvm-clock: mask: 0xffffffffffffffff max_cycles: 0x1cd42e4dffb, max_idle_ns: 881590591483 ns
[    0.000000] Zone ranges:
[    0.000000]   DMA      [mem 0x0000000000001000-0x0000000000ffffff]
[    0.000000]   DMA32    [mem 0x0000000001000000-0x000000003ffeffff]
[    0.000000]   Normal   empty
[    0.000000]   Device   empty
[    0.000000] Movable zone start for each node
[    0.000000] Early memory node ranges
[    0.000000]   node   0: [mem 0x0000000000001000-0x000000000009efff]
[    0.000000]   node   0: [mem 0x0000000000100000-0x000000003ffeffff]
[    0.000000] Initmem setup node 0 [mem 0x0000000000001000-0x000000003ffeffff]
[    0.000000] ACPI: PM-Timer IO Port: 0x4008
[    0.000000] IOAPIC[0]: apic_id 2, version 32, address 0xfec00000, GSI 0-23
[    0.000000] ACPI: INT_SRC_OVR (bus 0 bus_irq 0 global_irq 2 dfl dfl)
[    0.000000] ACPI: INT_SRC_OVR (bus 0 bus_irq 9 global_irq 9 low level)
[    0.000000] Using ACPI (MADT) for SMP configuration information
[    0.000000] smpboot: Allowing 2 CPUs, 0 hotplug CPUs
[    0.000000] PM: Registered nosave memory: [mem 0x00000000-0x00000fff]
[    0.000000] PM: Registered nosave memory: [mem 0x0009f000-0x0009ffff]
[    0.000000] PM: Registered nosave memory: [mem 0x000a0000-0x000effff]
[    0.000000] PM: Registered nosave memory: [mem 0x000f0000-0x000fffff]
[    0.000000] e820: [mem 0x40000000-0xfebfffff] available for PCI devices
[    0.000000] Booting paravirtualized kernel on KVM
[    0.000000] clocksource: refined-jiffies: mask: 0xffffffff max_cycles: 0xffffffff, max_idle_ns: 7645519600211568 ns
[    0.000000] setup_percpu: NR_CPUS:512 nr_cpumask_bits:512 nr_cpu_ids:2 nr_node_ids:1
[    0.000000] PERCPU: Embedded 33 pages/cpu @ffff88003fc00000 s95512 r8192 d31464 u1048576
[    0.000000] Built 1 zonelists in Node order, mobility grouping on.  Total pages: 257912
[    0.000000] Policy zone: DMA32
[    0.000000] Kernel command line: BOOT_IMAGE=/boot/vmlinuz-4.4.0-194-generic root=LABEL=cloudimg-rootfs ro console=tty1 console=ttyS0
[    0.000000] PID hash table entries: 4096 (order: 3, 32768 bytes)
[    0.000000] Memory: 997664K/1048120K available (8640K kernel code, 1337K rwdata, 4040K rodata, 1492K init, 1296K bss, 50456K reserved, 0K cma-reserved)
[    0.000000] SLUB: HWalign=64, Order=0-3, MinObjects=0, CPUs=2, Nodes=1
[    0.000000] Kernel/User page tables isolation: enabled
[    0.000000] Hierarchical RCU implementation.
[    0.000000] 	Build-time adjustment of leaf fanout to 64.
[    0.000000] 	RCU restricting CPUs from NR_CPUS=512 to nr_cpu_ids=2.
[    0.000000] RCU: Adjusting geometry for rcu_fanout_leaf=64, nr_cpu_ids=2
[    0.000000] NR_IRQS:33024 nr_irqs:440 16
[    0.000000] Console: colour VGA+ 80x25
[    0.000000] console [tty1] enabled
[    0.000000] console [ttyS0] enabled
[    0.000000] tsc: Detected 2712.006 MHz processor
[    0.173421] Calibrating delay loop (skipped) preset value.. 5424.01 BogoMIPS (lpj=10848024)
[    0.175264] pid_max: default: 32768 minimum: 301
[    0.176442] ACPI: Core revision 20150930
[    0.178318] ACPI: 2 ACPI AML tables successfully acquired and loaded
[    0.179975] Security Framework initialized
[    0.181279] Yama: becoming mindful.
[    0.182245] AppArmor: AppArmor initialized
[    0.183372] Dentry cache hash table entries: 131072 (order: 8, 1048576 bytes)
[    0.188265] Inode-cache hash table entries: 65536 (order: 7, 524288 bytes)
[    0.189865] Mount-cache hash table entries: 2048 (order: 2, 16384 bytes)
[    0.191279] Mountpoint-cache hash table entries: 2048 (order: 2, 16384 bytes)
[    0.193167] Initializing cgroup subsys io
[    0.194850] Initializing cgroup subsys memory
[    0.196416] Initializing cgroup subsys devices
[    0.199047] Initializing cgroup subsys freezer
[    0.200389] Initializing cgroup subsys net_cls
[    0.201724] Initializing cgroup subsys perf_event
[    0.203279] Initializing cgroup subsys net_prio
[    0.204636] Initializing cgroup subsys hugetlb
[    0.206383] Initializing cgroup subsys pids
[    0.208794] mce: CPU supports 0 MCE banks
[    0.210058] Last level iTLB entries: 4KB 64, 2MB 8, 4MB 8
[    0.211095] Last level dTLB entries: 4KB 64, 2MB 0, 4MB 0, 1GB 4
[    0.212246] Spectre V1 : Mitigation: usercopy/swapgs barriers and __user pointer sanitization
[    0.214227] Spectre V2 : Mitigation: Full generic retpoline
[    0.215476] Spectre V2 : Spectre v2 / SpectreRSB mitigation: Filling RSB on context switch
[    0.217530] Speculative Store Bypass: Vulnerable
[    0.218891] SRBDS: Unknown: Dependent on hypervisor status
[    0.220483] MDS: Mitigation: Clear CPU buffers
[    0.224862] Freeing SMP alternatives memory: 36K
[    0.232784] ftrace: allocating 32346 entries in 127 pages
[    0.302506] smpboot: APIC(0) Converting physical 0 to logical package 0
[    0.304034] smpboot: Max logical packages: 1
[    0.305543] x2apic enabled
[    0.306544] Switched APIC routing to physical x2apic.
[    0.309538] ..TIMER: vector=0x30 apic1=0 pin1=2 apic2=-1 pin2=-1
[    0.419441] smpboot: CPU0: Intel(R) Core(TM) i5-7200U CPU @ 2.50GHz (family: 0x6, model: 0x8e, stepping: 0x9)
[    0.422096] Performance Events: unsupported p6 CPU model 142 no PMU driver, software events only.
[    0.436673] KVM setup paravirtual spinlock
[    0.438811] x86: Booting SMP configuration:
[    0.439945] .... node  #0, CPUs:      #1
[    0.440987] kvm-clock: cpu 1, msr 0:3ffe3041, secondary cpu clock
[    0.444431] mce: CPU supports 0 MCE banks
[    0.447404] x86: Booted up 1 node, 2 CPUs
[    0.448555] smpboot: Total of 2 processors activated (10848.02 BogoMIPS)
[    0.450406] devtmpfs: initialized
[    0.453674] evm: security.selinux
[    0.454805] evm: security.SMACK64
[    0.455825] evm: security.SMACK64EXEC
[    0.457123] evm: security.SMACK64TRANSMUTE
[    0.458336] evm: security.SMACK64MMAP
[    0.459247] evm: security.ima
[    0.460037] evm: security.capability
[    0.461190] clocksource: jiffies: mask: 0xffffffff max_cycles: 0xffffffff, max_idle_ns: 7645041785100000 ns
[    0.463391] futex hash table entries: 512 (order: 3, 32768 bytes)
[    0.465431] pinctrl core: initialized pinctrl subsystem
[    0.466710] RTC time: 10:11:53, date: 11/25/20
[    0.468098] NET: Registered protocol family 16
[    0.480775] cpuidle: using governor ladder
[    0.493000] cpuidle: using governor menu
[    0.494493] PCCT header not found.
[    0.495561] ACPI: bus type PCI registered
[    0.496994] acpiphp: ACPI Hot Plug PCI Controller Driver version: 0.5
[    0.498655] PCI: Using configuration type 1 for base access
[    0.514108] ACPI: Added _OSI(Module Device)
[    0.515415] ACPI: Added _OSI(Processor Device)
[    0.516807] ACPI: Added _OSI(3.0 _SCP Extensions)
[    0.518233] ACPI: Added _OSI(Processor Aggregator Device)
[    0.520732] ACPI: Executed 1 blocks of module-level executable AML code
[    0.524700] ACPI: Interpreter enabled
[    0.525731] ACPI: (supports S0 S5)
[    0.526606] ACPI: Using IOAPIC for interrupt routing
[    0.527856] PCI: Using host bridge windows from ACPI; if necessary, use "pci=nocrs" and report a bug
[    0.538047] ACPI: PCI Root Bridge [PCI0] (domain 0000 [bus 00-ff])
[    0.539527] acpi PNP0A03:00: _OSC: OS supports [ASPM ClockPM Segments MSI]
[    0.543043] acpi PNP0A03:00: _OSC: not requesting OS control; OS requires [ExtendedConfig ASPM ClockPM MSI]
[    0.545088] acpi PNP0A03:00: fail to add MMCONFIG information, can't access extended PCI configuration space under this bridge.
[    0.548208] PCI host bridge to bus 0000:00
[    0.549137] pci_bus 0000:00: root bus resource [io  0x0000-0x0cf7 window]
[    0.550491] pci_bus 0000:00: root bus resource [io  0x0d00-0xffff window]
[    0.551899] pci_bus 0000:00: root bus resource [mem 0x000a0000-0x000bffff window]
[    0.553816] pci_bus 0000:00: root bus resource [mem 0x40000000-0xfdffffff window]
[    0.555512] pci_bus 0000:00: root bus resource [bus 00-ff]
[    0.558795] pci 0000:00:01.1: legacy IDE quirk: reg 0x10: [io  0x01f0-0x01f7]
[    0.560606] pci 0000:00:01.1: legacy IDE quirk: reg 0x14: [io  0x03f6]
[    0.561834] pci 0000:00:01.1: legacy IDE quirk: reg 0x18: [io  0x0170-0x0177]
[    0.573212] pci 0000:00:01.1: legacy IDE quirk: reg 0x1c: [io  0x0376]
[    0.594553] pci 0000:00:07.0: quirk: [io  0x4000-0x403f] claimed by PIIX4 ACPI
[    0.597023] pci 0000:00:07.0: quirk: [io  0x4100-0x410f] claimed by PIIX4 SMB
[    0.609980] ACPI: PCI Interrupt Link [LNKA] (IRQs 5 9 10 *11)
[    0.612011] ACPI: PCI Interrupt Link [LNKB] (IRQs 5 9 *10 11)
[    0.613998] ACPI: PCI Interrupt Link [LNKC] (IRQs 5 *9 10 11)
[    0.615910] ACPI: PCI Interrupt Link [LNKD] (IRQs 5 9 10 *11)
[    0.618528] ACPI: Enabled 2 GPEs in block 00 to 07
[    0.620194] vgaarb: setting as boot device: PCI:0000:00:02.0
[    0.621751] vgaarb: device added: PCI:0000:00:02.0,decodes=io+mem,owns=io+mem,locks=none
[    0.624083] vgaarb: loaded
[    0.624887] vgaarb: bridge control possible 0000:00:02.0
[    0.626596] SCSI subsystem initialized
[    0.627639] ACPI: bus type USB registered
[    0.628648] usbcore: registered new interface driver usbfs
[    0.629727] usbcore: registered new interface driver hub
[    0.631085] usbcore: registered new device driver usb
[    0.632537] PCI: Using ACPI for IRQ routing
[    0.636789] NetLabel: Initializing
[    0.637611] NetLabel:  domain hash size = 128
[    0.638759] NetLabel:  protocols = UNLABELED CIPSOv4
[    0.640127] NetLabel:  unlabeled traffic allowed by default
[    0.641659] amd_nb: Cannot enumerate AMD northbridges
[    0.642906] clocksource: Switched to clocksource kvm-clock
[    0.656129] AppArmor: AppArmor Filesystem Enabled
[    0.657280] pnp: PnP ACPI init
[    0.658994] pnp: PnP ACPI: found 3 devices
[    0.670883] clocksource: acpi_pm: mask: 0xffffff max_cycles: 0xffffff, max_idle_ns: 2085701024 ns
[    0.672710] NET: Registered protocol family 2
[    0.673819] TCP established hash table entries: 8192 (order: 4, 65536 bytes)
[    0.675364] TCP bind hash table entries: 8192 (order: 5, 131072 bytes)
[    0.676665] TCP: Hash tables configured (established 8192 bind 8192)
[    0.678095] UDP hash table entries: 512 (order: 2, 16384 bytes)
[    0.679198] UDP-Lite hash table entries: 512 (order: 2, 16384 bytes)
[    0.680832] NET: Registered protocol family 1
[    0.682061] pci 0000:00:00.0: Limiting direct PCI/PCI transfers
[    0.683316] pci 0000:00:01.0: Activating ISA DMA hang workarounds
[    0.684699] Unpacking initramfs...
[    0.982635] Freeing initrd memory: 14880K
[    0.983970] clocksource: tsc: mask: 0xffffffffffffffff max_cycles: 0x27178c274f7, max_idle_ns: 440795238189 ns
[    0.986205] platform rtc_cmos: registered platform RTC device (no PNP device found)
[    0.988039] Scanning for low memory corruption every 60 seconds
[    0.989477] audit: initializing netlink subsys (disabled)
[    0.990591] audit: type=2000 audit(1606299118.561:1): initialized
[    0.992149] Initialise system trusted keyring
[    0.993258] HugeTLB registered 2 MB page size, pre-allocated 0 pages
[    0.995660] zbud: loaded
[    0.996676] VFS: Disk quotas dquot_6.6.0
[    0.998162] VFS: Dquot-cache hash table entries: 512 (order 0, 4096 bytes)
[    0.999955] squashfs: version 4.0 (2009/01/31) Phillip Lougher
[    1.001300] fuse init (API version 7.23)
[    1.002238] Key type big_key registered
[    1.003121] Allocating IMA MOK and blacklist keyrings.
[    1.005482] Key type asymmetric registered
[    1.006481] Asymmetric key parser 'x509' registered
[    1.007521] Block layer SCSI generic (bsg) driver version 0.4 loaded (major 249)
[    1.009101] io scheduler noop registered
[    1.009939] io scheduler deadline registered (default)
[    1.011063] io scheduler cfq registered
[    1.011970] pci_hotplug: PCI Hot Plug PCI Core version: 0.5
[    1.012994] pciehp: PCI Express Hot Plug Controller Driver version: 0.4
[    1.014772] ACPI: AC Adapter [AC] (on-line)
[    1.015791] input: Power Button as /devices/LNXSYSTM:00/LNXPWRBN:00/input/input0
[    1.017295] ACPI: Power Button [PWRF]
[    1.018346] input: Sleep Button as /devices/LNXSYSTM:00/LNXSLPBN:00/input/input1
[    1.021536] ACPI: Sleep Button [SLPF]
[    1.022958] GHES: HEST is not enabled!
[    1.023785] ACPI: Battery Slot [BAT0] (battery present)
[    1.025416] Serial: 8250/16550 driver, 32 ports, IRQ sharing enabled
[    1.047398] 00:02: ttyS0 at I/O 0x3f8 (irq = 4, base_baud = 115200) is a 16550A
[    1.051633] Linux agpgart interface v0.103
[    1.054317] loop: module loaded
[    1.055635] scsi host0: ata_piix
[    1.056498] scsi host1: ata_piix
[    1.057239] ata1: PATA max UDMA/33 cmd 0x1f0 ctl 0x3f6 bmdma 0xd000 irq 14
[    1.058474] ata2: PATA max UDMA/33 cmd 0x170 ctl 0x376 bmdma 0xd008 irq 15
[    1.059985] libphy: Fixed MDIO Bus: probed
[    1.060809] tun: Universal TUN/TAP device driver, 1.6
[    1.061757] tun: (C) 1999-2004 Max Krasnyansky <maxk@qualcomm.com>
[    1.062992] PPP generic driver version 2.4.2
[    1.064787] ehci_hcd: USB 2.0 'Enhanced' Host Controller (EHCI) Driver
[    1.066133] ehci-pci: EHCI PCI platform driver
[    1.067026] ehci-platform: EHCI generic platform driver
[    1.068192] ohci_hcd: USB 1.1 'Open' Host Controller (OHCI) Driver
[    1.069296] ohci-pci: OHCI PCI platform driver
[    1.070310] ohci-platform: OHCI generic platform driver
[    1.071497] uhci_hcd: USB Universal Host Controller Interface driver
[    1.072701] i8042: PNP: PS/2 Controller [PNP0303:PS2K,PNP0f03:PS2M] at 0x60,0x64 irq 1,12
[    1.074768] serio: i8042 KBD port at 0x60,0x64 irq 1
[    1.075800] serio: i8042 AUX port at 0x60,0x64 irq 12
[    1.076990] mousedev: PS/2 mouse device common for all mice
[    1.078485] input: AT Translated Set 2 keyboard as /devices/platform/i8042/serio0/input/input2
[    1.081062] rtc_cmos rtc_cmos: rtc core: registered rtc_cmos as rtc0
[    1.082280] rtc_cmos rtc_cmos: alarms up to one day, 114 bytes nvram
[    1.083446] i2c /dev entries driver
[    1.084257] device-mapper: uevent: version 1.0.3
[    1.085339] device-mapper: ioctl: 4.34.0-ioctl (2015-10-28) initialised: dm-devel@redhat.com
[    1.087179] ledtrig-cpu: registered to indicate activity on CPUs
[    1.088792] NET: Registered protocol family 10
[    1.089876] NET: Registered protocol family 17
[    1.090752] Key type dns_resolver registered
[    1.092056] registered taskstats version 1
[    1.092888] Loading compiled-in X.509 certificates
[    1.094405] Loaded X.509 cert 'Build time autogenerated kernel key: 12717d7bded22cc9f4c9021cf049cb5c0a2cb7b0'
[    1.096374] zswap: loaded using pool lzo/zbud
[    1.099351] Key type trusted registered
[    1.103351] Key type encrypted registered
[    1.104309] AppArmor: AppArmor sha1 policy hashing enabled
[    1.105364] ima: No TPM chip found, activating TPM-bypass!
[    1.106427] ima: Allocated hash algorithm: sha1
[    1.107396] evm: HMAC attrs: 0x1
[    1.108434]   Magic number: 12:585:174
[    1.109298] rtc_cmos rtc_cmos: setting system clock to 2020-11-25 10:11:53 UTC (1606299113)
[    1.111149] BIOS EDD facility v0.16 2004-Jun-25, 0 devices found
[    1.112225] EDD information not available.
[    1.241881] Freeing unused kernel memory: 1492K
[    1.242801] Write protecting the kernel read-only data: 14336k
[    1.244770] Freeing unused kernel memory: 1588K
[    1.246041] Freeing unused kernel memory: 56K
Loading, please wait...
starting version 229
[    1.262934] random: systemd-udevd: uninitialized urandom read (16 bytes read, 3 bits of entropy available)
[    1.263957] random: udevadm: uninitialized urandom read (16 bytes read, 3 bits of entropy available)
[    1.263975] random: udevadm: uninitialized urandom read (16 bytes read, 3 bits of entropy available)
[    1.272030] random: systemd-udevd: uninitialized urandom read (16 bytes read, 3 bits of entropy available)
[    1.274236] random: systemd-udevd: uninitialized urandom read (16 bytes read, 3 bits of entropy available)
[    1.275559] random: udevadm: uninitialized urandom read (16 bytes read, 3 bits of entropy available)
[    1.275601] random: udevadm: uninitialized urandom read (16 bytes read, 3 bits of entropy available)
[    1.275726] random: udevadm: uninitialized urandom read (16 bytes read, 3 bits of entropy available)
[    1.275772] random: udevadm: uninitialized urandom read (16 bytes read, 3 bits of entropy available)
[    1.275817] random: udevadm: uninitialized urandom read (16 bytes read, 3 bits of entropy available)
[    1.330228] Fusion MPT base driver 3.04.20
[    1.331934] Copyright (c) 1999-2008 LSI Corporation
[    1.340289] e1000: Intel(R) PRO/1000 Network Driver - version 7.3.21-k8-NAPI
[    1.341815] e1000: Copyright (c) 1999-2006 Intel Corporation.
[    1.357673] Fusion MPT SPI Host driver 3.04.20
[    1.366040] AVX2 version of gcm_enc/dec engaged.
[    1.367429] AES CTR mode by8 optimization enabled
[    1.538194] input: ImExPS/2 Generic Explorer Mouse as /devices/platform/i8042/serio1/input/input4
[    1.728582] e1000 0000:00:03.0 eth0: (PCI:33MHz:32-bit) 02:e0:65:d0:24:0e
[    1.730035] e1000 0000:00:03.0 eth0: Intel(R) PRO/1000 Network Connection
[    1.732600] mptbase: ioc0: Initiating bringup
[    2.384751] ioc0: LSI53C1030 A0: Capabilities={Initiator}
[    4.527463] scsi host2: ioc0: LSI53C1030 A0, FwRev=00000000h, Ports=1, MaxQ=256, IRQ=20
[    6.448974] scsi 2:0:0:0: Direct-Access     VBOX     HARDDISK         1.0  PQ: 0 ANSI: 5
[    6.451055] scsi target2:0:0: Beginning Domain Validation
[    6.454621] scsi target2:0:0: Domain Validation skipping write tests
[    6.455869] scsi target2:0:0: Ending Domain Validation
[    6.456897] scsi target2:0:0: asynchronous
[    6.458700] scsi 2:0:1:0: Direct-Access     VBOX     HARDDISK         1.0  PQ: 0 ANSI: 5
[    6.460535] scsi target2:0:1: Beginning Domain Validation
[    6.464639] scsi target2:0:1: Domain Validation skipping write tests
[    6.466308] scsi target2:0:1: Ending Domain Validation
[    6.467599] scsi target2:0:1: asynchronous
[    6.495980] sd 2:0:0:0: Attached scsi generic sg0 type 0
[    6.497286] sd 2:0:0:0: [sda] 20971520 512-byte logical blocks: (10.7 GB/10.0 GiB)
[    6.499491] sd 2:0:1:0: Attached scsi generic sg1 type 0
[    6.501296] sd 2:0:1:0: [sdb] 20480 512-byte logical blocks: (10.5 MB/10.0 MiB)
[    6.503539] sd 2:0:0:0: [sda] Write Protect is off
[    6.504639] sd 2:0:1:0: [sdb] Write Protect is off
[    6.505806] sd 2:0:0:0: [sda] Incomplete mode parameter data
[    6.506986] sd 2:0:0:0: [sda] Assuming drive cache: write through
[    6.508322] sd 2:0:1:0: [sdb] Incomplete mode parameter data
[    6.509414] sd 2:0:1:0: [sdb] Assuming drive cache: write through
[    6.514404]  sda: sda1
[    6.516238] sd 2:0:0:0: [sda] Attached SCSI disk
[    6.518356] sd 2:0:1:0: [sdb] Attached SCSI disk
[    7.008553] e1000 0000:00:08.0 eth1: (PCI:33MHz:32-bit) 08:00:27:8e:33:b1
[    7.009836] e1000 0000:00:08.0 eth1: Intel(R) PRO/1000 Network Connection
[    7.011836] e1000 0000:00:03.0 enp0s3: renamed from eth0
[    7.023789] e1000 0000:00:08.0 enp0s8: renamed from eth1
Begin: Loading essential drivers ... [    8.552218] md: linear personality registered for level -1
[    8.556176] md: multipath personality registered for level -4
[    8.560384] md: raid0 personality registered for level 0
[    8.566515] md: raid1 personality registered for level 1
[    8.645287] raid6: sse2x1   gen()  8308 MB/s
[    8.711243] raid6: sse2x1   xor()  7468 MB/s
[    8.779029] raid6: sse2x2   gen() 11086 MB/s
[    8.847146] raid6: sse2x2   xor()  8113 MB/s
[    8.915246] raid6: sse2x4   gen() 13799 MB/s
[    8.983088] raid6: sse2x4   xor()  8619 MB/s
[    9.050948] raid6: avx2x1   gen() 19129 MB/s
[    9.119335] raid6: avx2x2   gen() 22222 MB/s
[    9.187250] raid6: avx2x4   gen() 23213 MB/s
[    9.188316] raid6: using algorithm avx2x4 gen() 23213 MB/s
[    9.189506] raid6: using avx2x2 recovery algorithm
[    9.191845] xor: automatically using best checksumming function:
[    9.231166]    avx       : 22444.000 MB/sec
[    9.233285] async_tx: api initialized (async)
[    9.244742] md: raid6 personality registered for level 6
[    9.246679] md: raid5 personality registered for level 5
[    9.248189] md: raid4 personality registered for level 4
[    9.256316] md: raid10 personality registered for level 10
done.
Begin: Running /scripts/init-premount ... done.
Begin: Mounting root file system ... Begin: Running /scripts/local-top ... done.
Begin: Running /scripts/local-premount ... [    9.300363] Btrfs loaded
Scanning for Btrfs filesystems
done.
Warning: fsck not present, so skipping root file system
[    9.340735] EXT4-fs (sda1): mounted filesystem with ordered data mode. Opts: (null)
done.
Begin: Running /scripts/local-bottom ... done.
Begin: Running /scripts/init-bottom ... done.
[    9.455108] systemd[1]: systemd 229 running in system mode. (+PAM +AUDIT +SELINUX +IMA +APPARMOR +SMACK +SYSVINIT +UTMP +LIBCRYPTSETUP +GCRYPT +GNUTLS +ACL +XZ -LZ4 +SECCOMP +BLKID +ELFUTILS +KMOD -IDN)
[    9.459625] systemd[1]: Detected virtualization oracle.
[    9.460761] systemd[1]: Detected architecture x86-64.

Welcome to [1mUbuntu 16.04.7 LTS[0m!

[    9.471945] systemd[1]: Set hostname to <ubuntu>.
[    9.477495] systemd[1]: Initializing machine ID from random generator.
[    9.479381] systemd[1]: Installed transient /etc/machine-id file.
[    9.669923] systemd[1]: Reached target System Time Synchronized.
[[0;32m  OK  [0m] Reached target System Time Synchronized.
[    9.672763] systemd[1]: Started Forward Password Requests to Wall Directory Watch.
[[0;32m  OK  [0m] Started Forward Password Requests to Wall Directory Watch.
[    9.681552] systemd[1]: Listening on Syslog Socket.
[[0;32m  OK  [0m] Listening on Syslog Socket.
[    9.683445] systemd[1]: Set up automount Arbitrary Executable File Formats File System Automount Point.
[[0;32m  OK  [0m] Set up automount Arbitrary Executab...ats File System Automount Point.
[    9.686453] systemd[1]: Reached target Encrypted Volumes.
[[0;32m  OK  [0m] Reached target Encrypted Volumes.
[    9.688534] systemd[1]: Listening on udev Control Socket.
[[0;32m  OK  [0m] Listening on udev Control Socket.
[    9.690336] systemd[1]: Listening on LVM2 metadata daemon socket.
[[0;32m  OK  [0m] Listening on LVM2 metadata daemon socket.
[    9.692318] systemd[1]: Listening on LVM2 poll daemon socket.
[[0;32m  OK  [0m] Listening on LVM2 poll daemon socket.
[    9.694344] systemd[1]: Listening on Journal Audit Socket.
[[0;32m  OK  [0m] Listening on Journal Audit Socket.
[    9.696709] systemd[1]: Reached target Swap.
[[0;32m  OK  [0m] Reached target Swap.
[    9.698413] systemd[1]: Reached target User and Group Name Lookups.
[[0;32m  OK  [0m] Reached target User and Group Name Lookups.
[    9.700503] systemd[1]: Listening on udev Kernel Socket.
[[0;32m  OK  [0m] Listening on udev Kernel Socket.
[    9.702343] systemd[1]: Listening on Device-mapper event daemon FIFOs.
[[0;32m  OK  [0m] Listening on Device-mapper event daemon FIFOs.
[    9.704734] systemd[1]: Created slice User and Session Slice.
[[0;32m  OK  [0m] Created slice User and Session Slice.
[    9.706808] systemd[1]: Listening on Journal Socket (/dev/log).
[[0;32m  OK  [0m] Listening on Journal Socket (/dev/log).
[    9.708907] systemd[1]: Listening on /dev/initctl Compatibility Named Pipe.
[[0;32m  OK  [0m] Listening on /dev/initctl Compatibility Named Pipe.
[    9.711720] systemd[1]: Created slice System Slice.
[[0;32m  OK  [0m] Created slice System Slice.
[    9.714141] systemd[1]: Created slice system-serial\x2dgetty.slice.
[[0;32m  OK  [0m] Created slice system-serial\x2dgetty.slice.
[    9.716401] systemd[1]: Listening on Journal Socket.
[[0;32m  OK  [0m] Listening on Journal Socket.
[    9.731903] systemd[1]: Starting Nameserver information manager...
         Starting Nameserver information manager...
[    9.742033] systemd[1]: Mounting POSIX Message Queue File System...
         Mounting POSIX Message Queue File System...
[    9.750263] systemd[1]: Starting Set console keymap...
         Starting Set console keymap...
[    9.757118] systemd[1]: Starting Load Kernel Modules...
         Starting Load Kernel Modules...
[    9.765373] systemd[1]: Mounting Debug File System...
         Mounting Debug File System...
[    9.770150] systemd[1]: Starting Monitoring of LVM2 mirrors, snapshots etc. using dmeventd or progress polling...
         Starting Monitoring of LVM2 mirrors... dmeventd or progress polling...
[    9.775055] systemd[1]: Starting Create list of required static device nodes for the current kernel...
         Starting Create list of required st... nodes for the current kernel...
[    9.779745] Loading iSCSI transport class v2.0-870.
[    9.780579] systemd[1]: Starting Remount Root and Kernel File Systems...
         Starting Remount Root and Kernel File Systems...
[    9.784413] systemd[1]: Starting Uncomplicated firewall...
         Starting Uncomplicated firewall...
[    9.787910] systemd[1]: Starting Journal Service...
         Starting Journal Service...
[    9.798523] systemd[1]: Mounting Huge Pages File System...
         Mounting Huge Pages File System...
[    9.802347] systemd[1]: Reached target Slices.
[[0;32m  OK  [[    9.805142] EXT4-fs (sda1): re-mounted. Opts: (null)
0m] Reached target Slices.
[    9.806413] systemd[1]: Started Trigger resolvconf update for networkd DNS.
[[0;32m  OK  [0m] Started Trigger resolvconf update for networkd DNS.
[    9.817480] systemd[1]: Mounted Huge Pages File System.
[[0;32m  OK  [0m] Mounted Huge Pages File System.
[    9.821463] systemd[1]: Mounted Debug File System.
[[0;32m  OK  [0m] Mounted Debug File System.
[    9.824405] systemd[1]: Mounted POSIX Message Queue File System.
[[0;32m  OK  [0m] Mounted POSIX Message Queue File System.
[    9.829860] systemd[1]: Started Create list of required static device nodes for the current kernel.
[[0;32m  OK  [0m] Started Create list of required sta...ce nodes for the current kernel.
[    9.836925] systemd[1]: Started Remount Root and Kernel File Systems.
[[0;32m  OK  [0m] Started Remount Root and Kernel File Systems.
[    9.840384] systemd[1]: Started Uncomplicated firewall.
[[0;32m  OK  [0m] Started Uncomplicated firewall.
[    9.842422] iscsi: registered transport (tcp)
[    9.844148] systemd[1]: Started Nameserver information manager.
[[0;32m  OK  [0m] Started Nameserver information manager.
[    9.853498] systemd[1]: Started LVM2 metadata daemon.
[[0;32m  OK  [0m] Started LVM2 metadata daemon.
[    9.879630] systemd[1]: Starting udev Coldplug all Devices...
         Starting udev Coldplug all Devices...
[    9.883669] systemd[1]: Starting Load/Save Random Seed...
         Starting Load/Save Random Seed...
[    9.887021] systemd[1]: Starting Create Static Device Nodes in /dev...
         Starting Create Static Device Nodes in /dev...
[    9.889989] systemd[1]: Started Journal Service.
[[0;32m  OK  [0m] Started Journal Service.
[[0;32m  OK  [0m] Started Set console keymap.
[[0;32m  OK  [0m] Started Load/Save Random Seed.
         Starting Flush Journal to Persistent Storage...
[    9.906679] systemd-journald[393]: Received request to flush runtime journal from PID 1
[[0;32m  OK  [0m] Started Flush Journal to Persistent Storage.
[    9.923182] iscsi: registered transport (iser)
[[0;32m  OK  [0m] Started Load Kernel Modules.
[[0;32m  OK  [0m] Started Create Static Device Nodes in /dev.
         Starting udev Kernel Device Manager...
         Mounting FUSE Control File System...
         Starting Apply Kernel Variables...
[[0;32m  OK  [0m] Mounted FUSE Control File System.
[[0;32m  OK  [0m] Started Apply Kernel Variables.
[[0;32m  OK  [0m] Started udev Coldplug all Devices.
[[0;32m  OK  [0m] Started udev Kernel Device Manager.
[[0;32m  OK  [0m] Started Dispatch Password Requests to Console Directory Watch.
[[0;32m  OK  [0m] Found device /dev/ttyS0.
[[0;32m  OK  [0m] Listening on Load/Save RF Kill Switch Status /dev/rfkill Watch.
[[0;32m  OK  [0m] Started Monitoring of LVM2 mirrors,...ng dmeventd or progress polling.
[[0;32m  OK  [0m] Reached target Local File Systems (Pre).
[[0;32m  OK  [0m] Reached target Local File Systems.
         Starting Initial cloud-init job (pre-networking)...
         Starting LSB: AppArmor initialization...
         Starting Set console font and keymap...
         Starting Tell Plymouth To Write Out Runtime Data...
         Starting Commit a transient machine-id on disk...
         Starting Create Volatile Files and Directories...
[[0;32m  OK  [0m] Started Tell Plymouth To Write Out Runtime Data.
[[0;32m  OK  [0m] Started Commit a transient machine-id on disk.
[[0;32m  OK  [0m] Started Create Volatile Files and Directories.
         Starting Update UTMP about System Boot/Shutdown...
[[0;32m  OK  [0m] Started Update UTMP about System Boot/Shutdown.
[[0;32m  OK  [0m] Started Set console font and keymap.
[[0;32m  OK  [0m] Created slice system-getty.slice.
[   11.445501] cloud-init[597]: Cloud-init v. 20.3-2-g371b392c-0ubuntu1~16.04.1 running 'init-local' at Wed, 25 Nov 2020 10:12:03 +0000. Up 10.97 seconds.
[[0;32m  OK  [0m] Started Initial cloud-init job (pre-networking).
[[0;32m  OK  [0m] Reached target Network (Pre).
[[0;32m  OK  [0m] Started LSB: AppArmor initialization.
         Starting Raise network interfaces...
         Starting Load AppArmor profiles managed internally by snapd...
[[0;32m  OK  [0m] Started Load AppArmor profiles managed internally by snapd.
[[0;32m  OK  [0m] Started Raise network interfaces.
[[0;32m  OK  [0m] Reached target Network.
         Starting Initial cloud-init job (metadata service crawler)...
[   13.442096] cloud-init[963]: Cloud-init v. 20.3-2-g371b392c-0ubuntu1~16.04.1 running 'init' at Wed, 25 Nov 2020 10:12:05 +0000. Up 12.60 seconds.
[   13.444979] cloud-init[963]: ci-info: ++++++++++++++++++++++++++++++++++++++Net device info+++++++++++++++++++++++++++++++++++++++
[   13.448687] cloud-init[963]: ci-info: +--------+-------+----------------------------+---------------+--------+-------------------+
[   13.452690] cloud-init[963]: ci-info: | Device |   Up  |          Address           |      Mask     | Scope  |     Hw-Address    |
[   13.456584] cloud-init[963]: ci-info: +--------+-------+----------------------------+---------------+--------+-------------------+
[   13.469001] cloud-init[963]: ci-info: | enp0s3 |  True |         10.0.2.15          | 255.255.255.0 | global | 02:e0:65:d0:24:0e |
[   13.472504] cloud-init[963]: ci-info: | enp0s3 |  True | fe80::e0:65ff:fed0:240e/64 |       .       |  link  | 02:e0:65:d0:24:0e |
[   13.474675] cloud-init[963]: ci-info: | enp0s8 | False |             .              |       .       |   .    | 08:00:27:8e:33:b1 |
[   13.477562] cloud-init[963]: ci-info: |   lo   |  True |         127.0.0.1          |   255.0.0.0   |  host  |         .         |
[   13.480093] cloud-init[963]: ci-info: |   lo   |  True |          ::1/128           |       .       |  host  |         .         |
[   13.483220] cloud-init[963]: ci-info: +--------+-------+----------------------------+---------------+--------+-------------------+
[   13.485689] cloud-init[963]: ci-info: +++++++++++++++++++++++++++Route IPv4 info++++++++++++++++++++++++++++
[   13.487815] cloud-init[963]: ci-info: +-------+-------------+----------+---------------+-----------+-------+
[   13.490315] cloud-init[963]: ci-info: | Route | Destination | Gateway  |    Genmask    | Interface | Flags |
[   13.492109] cloud-init[963]: ci-info: +-------+-------------+----------+---------------+-----------+-------+
[   13.504475] cloud-init[963]: ci-info: |   0   |   0.0.0.0   | 10.0.2.2 |    0.0.0.0    |   enp0s3  |   UG  |
[   13.506472] [[0;32m  OK  [0m] Started Initial cloud-init job (metadata service crawler).
[[0;32m  OK  [0m] Reached target Cloud-config availability.
[[0;32m  OK  [0m] Reached target System Initialization.
[[0;32m  OK  [0m] Listening on ACPID Listen Socket.
         Starting Socket activation for snappy daemon.
[[0;32m  OK  [0m] Started Daily Cleanup of Temporary Directories.
[[0;32m  OK  [0m] Started Message of the Day.
[[0;32m  OK  [0m] Listening on D-Bus System Message Bus Socket.
[[0;32m  OK  [0m] Listening on UUID daemon activation socket.
[[0;32m  OK  [0m] Started Daily apt download activities.
[[0;32m  OK  [0m] Started Daily apt upgrade and clean activities.
[[0;32m  OK  [0m] Reached target Timers.
cloud-init[963]: ci-info: |   1   |   10.0.2.0  | 0.0.0.0  | 255.255.255.0 |   enp0s3  |   U   |
[   13.522002] cloud-init[963]: ci-info: +-------+-------------+----------+---------------+-----------+-------+
[   13.527180] cloud-init[963]: ci-info: +++++++++++++++++++Route IPv6 info+++++++++++++++++++
[   13.529290] cloud-init[963]: ci-info: +-------+-------------+---------+-----------+-------+
[   13.536623] cloud-init[963]: ci-info: | Route | Destination | Gateway | Interface | Flags |
[   13.544403] cloud-init[963]: ci-info: +-------+-------------+---------+-----------+-------+
[[0;32m  OK  [0m] Started ACPI Events Check.
[[0;32m  OK  [0m] Reached target Paths.
[   13.549455] cloud-init[963]: ci-info: |   0   |  fe80::/64  |    ::   |   enp0s3  |   U   |
[   13.552314] cloud-init[963]: ci-info: |   3   |   ff00::/8  |    ::   |   enp0s3  |   U   |
[   13.554376] cloud-init[963]: ci-info: +-------+-------------+---------+-----------+-------+
[   13.554771] cloud-init[963]: Generating public/private rsa key pair.
[   13.555225] cloud-init[963]: Your identification has been saved in /etc/ssh/ssh_host_rsa_key.
[   13.555785] cloud-init[963]: Your public key has been saved in /etc/ssh/ssh_host_rsa_key.pub.
         Starting LXD - unix socket.
[   13.556628] cloud-init[963]: The key fingerprint is:
[[   13.560007] cloud-init[963]: SHA256:/xPTbUBochKD7J9DrlQWCtvIddSV1qUi5/4UoEBZFlk root@ubuntu-xenial
[   13.560384] cloud-init[963]: The key's randomart image is:
[   13.561058] cloud-init[963]: +---[RSA 2048]----+
[0;32m  OK  [0m] Reached target Network is Online.
[   13.562228] cloud-init[963]: |       ..=B*Eo.oo|
[   13.565446] cloud-init[963]: |      ..=.*.= +..|
[   13.566563] cloud-init[963]: |     . B.o.*+o.  |
[   13.572667] cloud-init[963]: |      + +.+= o.  |
[   13.580502] cloud-init[963]: |        S*.....o |
[   13.580876] cloud-init[963]: |        ..=.o ..o|
         Starting iSCSI initiator daemon (iscsid)...
[   13.581080] cloud-init[963]: |       . ....o.. |
[   13.581434] cloud-init[963]: |        .  ..o   |
[   13.581817] cloud-init[963]: |            ...  |
[   13.581926] cloud-init[963]: +----[SHA256]-----+
[   13.582540] cloud-init[963]: Generating public/private dsa key pair.
[   13.582742] cloud-init[963]: Your identification has been saved in /etc/ssh/ssh_host_dsa_key.
[   13.587951] cloud-init[963]: Your public key has been saved in /etc/ssh/ssh_host_dsa_key.pub.
[   13.589004] cloud-init[963]: The key fingerprint is:
[   13.589838] cloud-init[963]: SHA256:tWs9X82Or5aFvFSRyaFi/cVfWfgtcpqwmIHAsnXYx8g root@ubuntu-xenial
[   13.590387] cloud-init[963]: The key's randomart image is:
[   13.590493] cloud-init[963]: +---[DSA 1024]----+
[   13.590792] cloud-init[963]: |   . + o      .o=|
[[0;32m  OK  [0m] Listening on Socket activation for snappy daemon.
[[0;32m  OK  [0m] Listening on LXD - unix socket.
[[0;32m  OK  [0m] Reached target Sockets.
[[0;32m  OK  [0m] Reached target Basic System.
[   13.591149] cloud-init[963]: |  . = E o   . o*o|
[   13.604230] cloud-init[963]: |   + o o  .o o o*|
[   13.605329] cloud-init[963]: |  .   . ..o.o + B|
[   13.606397] cloud-init[963]: |        S+.o * =.|
[   13.614002]          Starting Pollinate to seed the pseudo random number generator...
cloud-init[[0;32m  OK  [0m] Started Deferred execution scheduler.
[963]:          Starting Virtualbox guest utils...
         Starting LSB: Record successful boot for GRUB...
|        o .oo +.o|         Starting LXD - container startup/shutdown...

[   13.620080] cloud-init[963]: |          o o. ++|
[   13.623447] cloud-init         Starting /etc/rc.local Compatibility...
[963]: |         .   o++ |
[   13.626525] cloud-init[963]: |             .+oo|
[[0;32m  OK  [0m] Started Regular background program processing daemon.
[[0;32m  OK  [0m] Started D-Bus System Message Bus.
[   13.635980] cloud-init[963]: +----[SHA256]-----+
[   13.646864] cloud-init[963]: Generating public/private ecdsa key pair.
[   13.651846] cloud-init[963]: Your identification has been saved in /etc/ssh/ssh_host_ecdsa_key.
[   13.657898] cloud-init[963]: Your public key has been saved in /etc/ssh/ssh_host_ecdsa_key.pub.
[   13.660694] cloud-init[963]: The key fingerprint is:
[   13.665795] cloud-init[963]: SHA256:jQvMTARs7NHtr76xiPdhYjFu9tmVw5wqtnfn5Zuvlxs root@ubuntu-xenial
[   13.670258] cloud-init[963]: The key's randomart image is:
[   13.675714] cloud-init[963]: +---[ECDSA 256]---+
[   13.676982] cloud-init[963]: |   o.o..         |
[   13.684773] cloud-init[963]: |    =.. .        |
[   13.692912] cloud-init[963]: |   o ...         |
[   13.694539] cloud-init[963]: |    .=  .o       |
[   13.695893] cloud-init[963]: |      B S..      |
[   13.697432] cloud-init[963]: |     . + ..o o   |
[   13.698604] cloud-init[963]: |      * =.  B  Eo|
[   13.699791] cloud-init[963]: |     =.=+*.o...++|
[   13.700892] cloud-init[963]: |    ...+O=o. oo**|
[   13.702073] cloud-init[963]: +----[SHA256]-----+
[   13.703801] cloud-init[963]: Generating public/private ed25519 key pair.
[   13.706479] cloud-init[963]: Your identification has been saved in /etc/ssh/ssh_host_ed25519_key.
[   13.710188] cloud-init[963]: Your public key has been saved in /etc/ssh/ssh_host_ed25519_key.pub.
[   13.711853] cloud-init[963]: The key fingerprint is:
[   13.720489] cloud-init[963]: SHA256:BpyurE7AH0Rk1bz3iYDMdPdOrzmYTsTp50DVhoYSMMM root@ubuntu-xenial
[   13.722351] cloud-init[963]: The key's randomart image is:
[   13.723605] cloud-init[963]: +--[ED25519 256]--+
         Starting System Logging Service...
         Starting LSB: MD monitoring daemon...
         Starting Login Service...
[   13.732336] cloud-init[963]: |  .+o=+.         |
[[0;32m  OK  [0m] Started ACPI event daemon.
[   13.750838] cloud-init[963]: |  o  Eo=... o    |
         Starting Snap Daemon...
         Starting Accounts Service...
[[0;32m  OK  [0m] Started FUSE filesystem for LXC.
[[0;32m  OK  [0m] Started /etc/rc.local Compatibility.
[[0;32m  OK  [0m] Started System Logging Service.
[   13.758437] cloud-init[963]: [[0;32m  OK  [0m] Started Login Service.
|   .+ *.o..+ o   |
[   13.806154] cloud-init[963]: |. .  = +o.+o.    |
[   13.825444] cloud-init[963]: |.. .  . S== o    |
[[0;32m  OK  [0m] Started Unattended Upgrades Shutdown.
[[0;32m  OK  [0m] Started iSCSI initiator daemon (iscsid).
[   13.839259] cloud-init[963]:          Starting Login to default iSCSI targets...
| ..... .+. + .   |
[[0;32m  OK  [0m] Started LSB: Record successful boot for GRUB.
[   13.853916] cloud-init[963]: |  ..o    +o.o    |
[   13.863059] cloud-init[963]: | . .    .o++     |
[   13.872916] cloud-init[963]: | .o     .. ..    |
[   13.874003] cloud-init[963]: +----[SHA256]-----+
[[0;32m  OK  [0m] Started Login to default iSCSI targets.
[[0;32m  OK  [0m] Reached target Remote File Systems (Pre).
[[0;32m  OK  [0m] Reached target Remote File Systems.
         Starting LSB: daemon to balance interrupts for SMP systems...
         Starting LSB: Set the CPU Frequency Scaling governor to "ondemand"...
         Starting Permit User Sessions...
         Starting LSB: automatic crash report generation...
[[0;32m  OK  [0m] Started Permit User Sessions.
         Starting Hold until boot process finishes up...
         Starting Terminate Plymouth Boot Screen...
[[0;32m  OK  [0m] Started Hold until boot process finishes up.
[[0;32m  OK  [0m] Started Serial Getty on ttyS0.
[[0;32m  OK  [0m] Started Getty on tty1.
[[0;32m  OK  [0m] Reached target Login Prompts.
         Starting Set console scheme...
[[0;32m  OK  [0m] Started LXD - container startup/shutdown.
[[0;32m  OK  [0m] Started Terminate Plymouth Boot Screen.
[[0;32m  OK  [0m] Started Set console scheme.
[[0;32m  OK  [0m] Started LSB: MD monitoring daemon.
         Starting Authenticate and Authorize Users to Run Privileged Tasks...
[[0;32m  OK  [0m] Started LSB: Set the CPU Frequency Scaling governor to "ondemand".
[[0;32m  OK  [0m] Started LSB: daemon to balance interrupts for SMP systems.
[[0;32m  OK  [0m] Started LSB: automatic crash report generation.
[[0;32m  OK  [0m] Started Virtualbox guest utils.
[[0;32m  OK  [0m] Started Authenticate and Authorize Users to Run Privileged Tasks.
[[0;32m  OK  [0m] Started Accounts Service.
[[0;32m  OK  [0m] Started Pollinate to seed the pseudo random number generator.
         Starting OpenBSD Secure Shell server...
[[0;32m  OK  [0m] Started OpenBSD Secure Shell server.
[[0;32m  OK  [0m] Started Snap Daemon.
         Starting Wait until snapd is fully seeded...
[[0;32m  OK  [0m] Created slice User Slice of vagrant.
         Starting User Manager for UID 1000...
[[0;32m  OK  [0m] Started Session 1 of user vagrant.
[[0;32m  OK  [0m] Started User Manager for UID 1000.
[[0;32m  OK  [0m] Started Wait until snapd is fully seeded.
         Starting Apply the settings specified in cloud-config...
[[0;32m  OK  [0m] Reached target Multi-User System.
[[0;32m  OK  [0m] Reached target Graphical Interface.
         Starting Update UTMP about System Runlevel Changes...
[[0;32m  OK  [0m] Started Update UTMP about System Runlevel Changes.
[   17.919151] cloud-init[1483]: Generating locales (this might take a while)...
[   19.284468] cloud-init[1483]:   en_US.UTF-8... done
[   19.285164] cloud-init[1483]: Generation complete.
[   19.712817] cloud-init[1483]: Cloud-init v. 20.3-2-g371b392c-0ubuntu1~16.04.1 running 'modules:config' at Wed, 25 Nov 2020 10:12:10 +0000. Up 17.71 seconds.

Ubuntu 16.04.7 LTS ubuntu-xenial ttyS0

ubuntu-xenial login: ci-info: no authorized SSH keys fingerprints found for user ubuntu.
<14>Nov 25 10:12:12 ec2: 
<14>Nov 25 10:12:12 ec2: #############################################################
<14>Nov 25 10:12:12 ec2: -----BEGIN SSH HOST KEY FINGERPRINTS-----
<14>Nov 25 10:12:12 ec2: 1024 SHA256:tWs9X82Or5aFvFSRyaFi/cVfWfgtcpqwmIHAsnXYx8g root@ubuntu-xenial (DSA)
<14>Nov 25 10:12:12 ec2: 256 SHA256:jQvMTARs7NHtr76xiPdhYjFu9tmVw5wqtnfn5Zuvlxs root@ubuntu-xenial (ECDSA)
<14>Nov 25 10:12:12 ec2: 256 SHA256:BpyurE7AH0Rk1bz3iYDMdPdOrzmYTsTp50DVhoYSMMM root@ubuntu-xenial (ED25519)
<14>Nov 25 10:12:12 ec2: 2048 SHA256:/xPTbUBochKD7J9DrlQWCtvIddSV1qUi5/4UoEBZFlk root@ubuntu-xenial (RSA)
<14>Nov 25 10:12:12 ec2: -----END SSH HOST KEY FINGERPRINTS-----
<14>Nov 25 10:12:12 ec2: #############################################################
-----BEGIN SSH HOST KEY KEYS-----
ecdsa-sha2-nistp256 AAAAE2VjZHNhLXNoYTItbmlzdHAyNTYAAAAIbmlzdHAyNTYAAABBBMynyz7PQ/shD8sGwcz9JwdFW2VHU7jQa7fBkLRULFM63i11nOgCtPHhUgZ/uHnep8oiVuDMaASe5l0sXdlX+wE= root@ubuntu-xenial
ssh-ed25519 AAAAC3NzaC1lZDI1NTE5AAAAIDsvLdrqJjJDSE9Em5/UEPeoByUsmqOmRpo9PXOFbEdu root@ubuntu-xenial
ssh-rsa AAAAB3NzaC1yc2EAAAADAQABAAABAQCdutgAer7aduiMvL5VDiqx15N689dkFN6ad8KuncsRQ7Bpfq9pJetbAxTMmdiEFMKQxkVnRX1Pv3k2qQbSwTf9UALc9VP1fstfTFLOcJURi2D5OpHMJHp6mQpulUGDYllxfrLJ52FraUwYYlqW40eL5X9rlRU9/B6PmHNgXTeSMSokxyMhiez1MIVexbBXJdn+dbM/WeslYs2PuinrtlaeRFrzagJSxDUj7Q3Bit0Gqcs5GpFhjBd31CuYwE2nzeedBMQL57zmxw+OJzlF+BB1RrvpkjXThza9Oltk5buW1JM+ZhJWrjPLN2UvmdgYfp0Vy2p+hyQHkLOF6P827G85 root@ubuntu-xenial
-----END SSH HOST KEY KEYS-----
[   20.284284] cloud-init[1576]: Cloud-init v. 20.3-2-g371b392c-0ubuntu1~16.04.1 running 'modules:final' at Wed, 25 Nov 2020 10:12:12 +0000. Up 20.13 seconds.
[   20.284563] cloud-init[1576]: ci-info: no authorized SSH keys fingerprints found for user ubuntu.
[   20.285385] cloud-init[1576]: Cloud-init v. 20.3-2-g371b392c-0ubuntu1~16.04.1 finished at Wed, 25 Nov 2020 10:12:12 +0000. Datasource DataSourceNoCloud [seed=/dev/sdb][dsmode=net].  Up 20.26 seconds
